casc2d_sed.o \n
ChannDepth.o \n
ChannToplg.o \n
ChanRout.o \n
CompVolumes.o \n
Fcts_chann.o \n
Fcts_misc.o \n
Fcts_sed.o \n
Fcts_stats.o \n
infilt.o \n
InitializeVars.o \n
intercept.o \n
MemAlloc.o \n
MemFree.o \n
OvrlDepth.o \n
OvrlRout.o \n
rain.o \n
ReadChannFile.o \n
ReadControlFile.o \n
ReadGrids.o \n
ReadProjectFile.o \n
Reset.o \n
RoutOutlet.o \n
RoutSedChn.o \n
RoutSedOut.o \n
RoutSedOvrl.o \n
RunTime.o \n
SedStats.o \n
SedVolumes.o \n
Settling.o \n
WriteGrids.o \n
WriteOutflows.o \n
WriteSummFlow.o \n
WriteSummSed.o \n
